<?xml version="1.0" encoding="UTF-8" ?>
<testsuite failures="0" time="315.103" errors="0" skipped="0" tests="19" name="net.mylearnings.RunCukesTest">
  <properties>
    <property name="java.runtime.name" value="Java(TM) SE Runtime Environment"/>
    <property name="sun.boot.library.path" value="C:\Program Files (x86)\Java\jdk1.7.0_60\jre\bin"/>
    <property name="java.vm.version" value="24.60-b09"/>
    <property name="java.vm.vendor" value="Oracle Corporation"/>
    <property name="java.vendor.url" value="http://java.oracle.com/"/>
    <property name="path.separator" value=";"/>
    <property name="guice.disable.misplaced.annotation.check" value="true"/>
    <property name="java.vm.name" value="Java HotSpot(TM) Client VM"/>
    <property name="file.encoding.pkg" value="sun.io"/>
    <property name="user.script" value=""/>
    <property name="user.country" value="US"/>
    <property name="sun.java.launcher" value="SUN_STANDARD"/>
    <property name="sun.os.patch.level" value=""/>
    <property name="java.vm.specification.name" value="Java Virtual Machine Specification"/>
    <property name="user.dir" value="C:\redknee\eclipse_workspace\BSSAutoV3"/>
    <property name="java.runtime.version" value="1.7.0_60-b19"/>
    <property name="java.awt.graphicsenv" value="sun.awt.Win32GraphicsEnvironment"/>
    <property name="java.endorsed.dirs" value="C:\Program Files (x86)\Java\jdk1.7.0_60\jre\lib\endorsed"/>
    <property name="os.arch" value="x86"/>
    <property name="java.io.tmpdir" value="C:\Users\KAVAN~1.SHE\AppData\Local\Temp\"/>
    <property name="line.separator" value="
"/>
    <property name="java.vm.specification.vendor" value="Oracle Corporation"/>
    <property name="user.variant" value=""/>
    <property name="os.name" value="Windows 8"/>
    <property name="classworlds.conf" value="C:\redknee\eclipse_workspace\.metadata\.plugins\org.eclipse.m2e.launching\launches\m2conf5856018748175565293.tmp"/>
    <property name="sun.jnu.encoding" value="Cp1252"/>
    <property name="java.library.path" value="C:\Program Files (x86)\Java\jdk1.7.0_60\bin;C:\windows\Sun\Java\bin;C:\windows\system32;C:\windows;C:/Program Files (x86)/Java/bin/client;C:/Program Files (x86)/Java/bin;C:/Program Files (x86)/Java/lib/i386;C:\windows\system32;C:\windows;C:\windows\System32\Wbem;C:\windows\System32\WindowsPowerShell\v1.0\;C:\Program Files (x86)\Java\jdk1.7.0_60\bin;C:\Program Files (x86)\Java\jre6\bin\;C:\Users\kavan.sheth\Desktop\apache-maven-3.2.2\bin;C:\Program Files (x86)\MySQL\MySQL Utilities 1.4\;C:\Program Files (x86)\MySQL\MySQL Utilities 1.4\Doctrine extensions for PHP\;C:\Program Files\nodejs\;C:\Users\kavan.sheth\AppData\Local\Android\android-sdk\tools;C:\Users\kavan.sheth\AppData\Local\Android\android-sdk\platform-tools;C:\Users\kavan.sheth\AppData\Roaming\npm;C:\adb;C:\Program Files\TortoiseSVN\bin;C:\Program Files (x86)\Skype\Phone\;C:\Users\kavan.sheth\AppData\Roaming\npm;C:\Users\kavan.sheth\Desktop\eclipse;;."/>
    <property name="java.specification.name" value="Java Platform API Specification"/>
    <property name="java.class.version" value="51.0"/>
    <property name="sun.management.compiler" value="HotSpot Client Compiler"/>
    <property name="os.version" value="6.2"/>
    <property name="user.home" value="C:\Users\kavan.sheth"/>
    <property name="user.timezone" value="Asia/Calcutta"/>
    <property name="java.awt.printerjob" value="sun.awt.windows.WPrinterJob"/>
    <property name="java.specification.version" value="1.7"/>
    <property name="file.encoding" value="Cp1252"/>
    <property name="user.name" value="kavan.sheth"/>
    <property name="java.class.path" value="/C:/Users/kavan.sheth/Desktop/eclipse/configuration/org.eclipse.osgi/bundles/1306/1/.cp/jars/plexus-classworlds-2.4.jar"/>
    <property name="java.vm.specification.version" value="1.7"/>
    <property name="sun.arch.data.model" value="32"/>
    <property name="java.home" value="C:\Program Files (x86)\Java\jdk1.7.0_60\jre"/>
    <property name="sun.java.command" value="org.codehaus.plexus.classworlds.launcher.Launcher -B site"/>
    <property name="java.specification.vendor" value="Oracle Corporation"/>
    <property name="user.language" value="en"/>
    <property name="awt.toolkit" value="sun.awt.windows.WToolkit"/>
    <property name="java.vm.info" value="mixed mode, sharing"/>
    <property name="java.version" value="1.7.0_60"/>
    <property name="java.ext.dirs" value="C:\Program Files (x86)\Java\jdk1.7.0_60\jre\lib\ext;C:\windows\Sun\Java\lib\ext"/>
    <property name="sun.boot.class.path" value="C:\Program Files (x86)\Java\jdk1.7.0_60\jre\lib\resources.jar;C:\Program Files (x86)\Java\jdk1.7.0_60\jre\lib\rt.jar;C:\Program Files (x86)\Java\jdk1.7.0_60\jre\lib\sunrsasign.jar;C:\Program Files (x86)\Java\jdk1.7.0_60\jre\lib\jsse.jar;C:\Program Files (x86)\Java\jdk1.7.0_60\jre\lib\jce.jar;C:\Program Files (x86)\Java\jdk1.7.0_60\jre\lib\charsets.jar;C:\Program Files (x86)\Java\jdk1.7.0_60\jre\lib\jfr.jar;C:\Program Files (x86)\Java\jdk1.7.0_60\jre\classes"/>
    <property name="java.vendor" value="Oracle Corporation"/>
    <property name="maven.home" value="C:\redknee\eclipse_workspace\BSSAutoV3\EMBEDDED"/>
    <property name="file.separator" value="\"/>
    <property name="java.vendor.url.bug" value="http://bugreport.sun.com/bugreport/"/>
    <property name="maven.bootclasspath" value="/C:/Users/kavan.sheth/Desktop/eclipse/configuration/org.eclipse.osgi/bundles/1306/1/.cp/jars/plexus-classworlds-2.4.jar"/>
    <property name="sun.cpu.endian" value="little"/>
    <property name="sun.io.unicode.encoding" value="UnicodeLittle"/>
    <property name="sun.desktop" value="windows"/>
    <property name="sun.cpu.isalist" value="pentium_pro+mmx pentium_pro pentium+mmx pentium i486 i386 i86"/>
  </properties>
  <testcase time="0.001" classname="Scenario: create SIM\u002C create Prepaid and Postpaid subscriber and gather logs\u002C screenshots and DB data" name="Given Configurations"/>
  <testcase time="0" classname="Scenario: create SIM\u002C create Prepaid and Postpaid subscriber and gather logs\u002C screenshots and DB data" name="When Create SIM"/>
  <testcase time="0" classname="Scenario: create SIM\u002C create Prepaid and Postpaid subscriber and gather logs\u002C screenshots and DB data" name="And Create Account"/>
  <testcase time="0" classname="Scenario: create SIM\u002C create Prepaid and Postpaid subscriber and gather logs\u002C screenshots and DB data" name="And Start LogCollector"/>
  <testcase time="0" classname="Scenario: create SIM\u002C create Prepaid and Postpaid subscriber and gather logs\u002C screenshots and DB data" name="And Create \&quot;Prepaid\&quot; Subscriber with PP \&quot;100026\&quot; and initial Balance \&quot;$1000.00\&quot;"/>
  <testcase time="0" classname="Scenario: create SIM\u002C create Prepaid and Postpaid subscriber and gather logs\u002C screenshots and DB data" name="And Collect Logs"/>
  <testcase time="0.001" classname="Scenario: create SIM\u002C create Prepaid and Postpaid subscriber and gather logs\u002C screenshots and DB data" name="And Gather \&quot;Account\&quot; level \&quot;Transactions\&quot;"/>
  <testcase time="0" classname="Scenario: create SIM\u002C create Prepaid and Postpaid subscriber and gather logs\u002C screenshots and DB data" name="And Gather \&quot;Account\&quot; level \&quot;Notes\&quot;"/>
  <testcase time="0.001" classname="Scenario: create SIM\u002C create Prepaid and Postpaid subscriber and gather logs\u002C screenshots and DB data" name="And Gather \&quot;Account\&quot; level \&quot;UsageBalance\&quot;"/>
  <testcase time="0" classname="Scenario: create SIM\u002C create Prepaid and Postpaid subscriber and gather logs\u002C screenshots and DB data" name="And Gather \&quot;Subscriber\&quot; level \&quot;MobileNumberTab\&quot;"/>
  <testcase time="0" classname="Scenario: create SIM\u002C create Prepaid and Postpaid subscriber and gather logs\u002C screenshots and DB data" name="And Gather \&quot;Subscriber\&quot; level \&quot;BillingInfoTab\&quot;"/>
  <testcase time="0" classname="Scenario: create SIM\u002C create Prepaid and Postpaid subscriber and gather logs\u002C screenshots and DB data" name="And Gather \&quot;Subscriber\&quot; level \&quot;RatingTab\&quot;"/>
  <testcase time="0" classname="Scenario: create SIM\u002C create Prepaid and Postpaid subscriber and gather logs\u002C screenshots and DB data" name="And Gather \&quot;Subscriber\&quot; level \&quot;Transactions\&quot;"/>
  <testcase time="0" classname="Scenario: create SIM\u002C create Prepaid and Postpaid subscriber and gather logs\u002C screenshots and DB data" name="And Gather \&quot;Subscriber\&quot; level \&quot;Notes\&quot;"/>
  <testcase time="0" classname="Scenario: create SIM\u002C create Prepaid and Postpaid subscriber and gather logs\u002C screenshots and DB data" name="And Gather \&quot;Subscriber\&quot; level \&quot;UsageBalance\&quot;"/>
  <testcase time="0" classname="Scenario: create SIM\u002C create Prepaid and Postpaid subscriber and gather logs\u002C screenshots and DB data" name="And Gather \&quot;Subscriber\&quot; level \&quot;CallDetails\&quot;"/>
  <testcase time="0" classname="Scenario: create SIM\u002C create Prepaid and Postpaid subscriber and gather logs\u002C screenshots and DB data" name="And GatherDBData using query \&quot;getTransactions\&quot;"/>
  <testcase time="0" classname="Scenario: create SIM\u002C create Prepaid and Postpaid subscriber and gather logs\u002C screenshots and DB data" name="Then Verify that subscriber created in \&quot;Activated\&quot; state"/>
  <testcase time="1.281" classname="Scenario: create SIM\u002C create Prepaid and Postpaid subscriber and gather logs\u002C screenshots and DB data" name="Scenario: create SIM\u002C create Prepaid and Postpaid subscriber and gather logs\u002C screenshots and DB data"/>
</testsuite>